<?xml version="1.0" encoding="UTF-8"?>
<!-- Generated by org.testng.reporters.JUnitXMLReporter -->
<testsuite ignored="1" hostname="DESKTOP-LO80NQO" failures="0" tests="3" name="Test" time="44.987" errors="0" timestamp="2025-03-16T09:32:22 CST">
  <testcase classname="com.tests.MyAccount_TC001" name="testMyAccount_TC001" time="10.655"/>
  <testcase classname="com.tests.Login_TC001" name="testValid_Login_TC001" time="6.21"/>
  <testcase classname="com.tests.Login_TC001" name="testInValid_Login_TC002" time="4.295"/>
  <testcase classname="com.common_utitlities.BasePage" name="@AfterSuite postSteps" time="0.0">
    <ignored/>
  </testcase> <!-- @AfterSuite postSteps -->
</testsuite> <!-- Test -->
